<?xml version="1.0" encoding="UTF-8"?>
<!-- Generated by org.testng.reporters.JUnitReportReporter -->
<testsuite hostname="DESKTOP-CD8JFBV" failures="0" tests="1" name="TestCase.Organisation" time="10.923" errors="0" timestamp="2025-01-08T18:45:53 IST" skipped="0">
  <testcase classname="TestCase.Organisation" name="createOrganization" time="10.923"/>
</testsuite> <!-- TestCase.Organisation -->
