<?xml version="1.0" encoding="UTF-8"?>
<!-- Generated by org.testng.reporters.JUnitReportReporter -->
<testsuite hostname="DESKTOP-CD8JFBV" failures="0" tests="1" name="TestCase.PracticeExecution" time="6.017" errors="0" timestamp="2025-01-10T16:11:55 IST" skipped="0">
  <testcase classname="TestCase.PracticeExecution" name="main" time="6.017">
    <system-out>
      <![CDATA[iam a Practice TestCase1]]>
    </system-out>
  </testcase> <!-- main -->
  <system-out>
    <![CDATA[iam a Practice TestCase1]]>
  </system-out>
</testsuite> <!-- TestCase.PracticeExecution -->
