<?xml version="1.0" encoding="UTF-8"?>
<!-- Generated by org.testng.reporters.JUnitReportReporter -->
<testsuite hostname="DESKTOP-CD8JFBV" failures="0" tests="1" name="TestCase.OraganizationTestCase" time="25.003" errors="0" timestamp="2025-01-10T18:22:08 IST" skipped="0">
  <testcase classname="TestCase.OraganizationTestCase" name="testCase1" time="25.003">
    <system-out>
      <![CDATA[iam in vtiger home page]]>
    </system-out>
  </testcase> <!-- testCase1 -->
  <system-out>
    <![CDATA[iam in vtiger home page]]>
  </system-out>
</testsuite> <!-- TestCase.OraganizationTestCase -->
